{"C:\\EC\\SourceCode\\my-cv-website\\src\\components\\CVHeader.tsx": {"path":"C:\\EC\\SourceCode\\my-cv-website\\src\\components\\CVHeader.tsx","statementMap":{"0":{"start":{"line":3,"column":24},"end":{"line":59,"column":null}},"1":{"start":{"line":4,"column":2},"end":{"line":52,"column":null}}},"fnMap":{"0":{"name":"(anonymous_0)","decl":{"start":{"line":3,"column":24},"end":{"line":3,"column":null}},"loc":{"start":{"line":3,"column":24},"end":{"line":59,"column":null}},"line":3}},"branchMap":{},"s":{"0":4,"1":22},"f":{"0":22},"b":{},"meta":{"lastBranch":0,"lastFunction":1,"lastStatement":2,"seen":{"s:3:24:59:Infinity":0,"f:3:24:3:Infinity":0,"s:4:2:52:Infinity":1}}}
,"C:\\EC\\SourceCode\\my-cv-website\\src\\components\\CareerTimeline.tsx": {"path":"C:\\EC\\SourceCode\\my-cv-website\\src\\components\\CareerTimeline.tsx","statementMap":{"0":{"start":{"line":3,"column":30},"end":{"line":131,"column":null}},"1":{"start":{"line":4,"column":16},"end":{"line":4,"column":null}},"2":{"start":{"line":4,"column":53},"end":{"line":4,"column":null}},"3":{"start":{"line":6,"column":25},"end":{"line":11,"column":null}},"4":{"start":{"line":7,"column":24},"end":{"line":7,"column":null}},"5":{"start":{"line":7,"column":56},"end":{"line":7,"column":77}},"6":{"start":{"line":8,"column":18},"end":{"line":8,"column":null}},"7":{"start":{"line":9,"column":19},"end":{"line":9,"column":null}},"8":{"start":{"line":10,"column":4},"end":{"line":10,"column":null}},"9":{"start":{"line":13,"column":23},"end":{"line":63,"column":null}},"10":{"start":{"line":65,"column":2},"end":{"line":98,"column":27}},"11":{"start":{"line":79,"column":26},"end":{"line":80,"column":26}},"12":{"start":{"line":91,"column":28},"end":{"line":92,"column":36}},"13":{"start":{"line":97,"column":36},"end":{"line":98,"column":27}},"14":{"start":{"line":107,"column":37},"end":{"line":107,"column":null}},"15":{"start":{"line":108,"column":31},"end":{"line":108,"column":null}},"16":{"start":{"line":109,"column":32},"end":{"line":109,"column":null}},"17":{"start":{"line":111,"column":18},"end":{"line":113,"column":null}}},"fnMap":{"0":{"name":"(anonymous_0)","decl":{"start":{"line":3,"column":30},"end":{"line":3,"column":null}},"loc":{"start":{"line":3,"column":30},"end":{"line":131,"column":null}},"line":3},"1":{"name":"(anonymous_1)","decl":{"start":{"line":4,"column":43},"end":{"line":4,"column":44}},"loc":{"start":{"line":4,"column":53},"end":{"line":4,"column":null}},"line":4},"2":{"name":"(anonymous_2)","decl":{"start":{"line":6,"column":25},"end":{"line":6,"column":26}},"loc":{"start":{"line":6,"column":26},"end":{"line":11,"column":null}},"line":6},"3":{"name":"(anonymous_3)","decl":{"start":{"line":7,"column":39},"end":{"line":7,"column":40}},"loc":{"start":{"line":7,"column":56},"end":{"line":7,"column":77}},"line":7},"4":{"name":"(anonymous_4)","decl":{"start":{"line":79,"column":19},"end":{"line":79,"column":20}},"loc":{"start":{"line":79,"column":26},"end":{"line":80,"column":26}},"line":79},"5":{"name":"(anonymous_5)","decl":{"start":{"line":91,"column":21},"end":{"line":91,"column":22}},"loc":{"start":{"line":91,"column":28},"end":{"line":92,"column":36}},"line":91},"6":{"name":"(anonymous_6)","decl":{"start":{"line":97,"column":28},"end":{"line":97,"column":29}},"loc":{"start":{"line":97,"column":36},"end":{"line":98,"column":27}},"line":97},"7":{"name":"(anonymous_7)","decl":{"start":{"line":106,"column":35},"end":{"line":106,"column":36}},"loc":{"start":{"line":106,"column":44},"end":{"line":123,"column":null}},"line":106}},"branchMap":{"0":{"loc":{"start":{"line":10,"column":11},"end":{"line":10,"column":60}},"type":"cond-expr","locations":[{"start":{"line":10,"column":24},"end":{"line":10,"column":46}},{"start":{"line":10,"column":49},"end":{"line":10,"column":60}}],"line":10},"1":{"loc":{"start":{"line":80,"column":108},"end":{"line":80,"column":156}},"type":"cond-expr","locations":[{"start":{"line":80,"column":128},"end":{"line":80,"column":144}},{"start":{"line":80,"column":144},"end":{"line":80,"column":156}}],"line":80},"2":{"loc":{"start":{"line":92,"column":57},"end":{"line":92,"column":null}},"type":"cond-expr","locations":[{"start":{"line":92,"column":77},"end":{"line":92,"column":93}},{"start":{"line":92,"column":93},"end":{"line":92,"column":null}}],"line":92}},"s":{"0":4,"1":17,"2":170,"3":17,"4":119,"5":119,"6":119,"7":119,"8":119,"9":17,"10":17,"11":170,"12":170,"13":119,"14":119,"15":119,"16":119,"17":119},"f":{"0":17,"1":170,"2":119,"3":119,"4":170,"5":170,"6":119,"7":119},"b":{"0":[119,0],"1":[85,85],"2":[85,85]},"meta":{"lastBranch":3,"lastFunction":8,"lastStatement":18,"seen":{"s:3:30:131:Infinity":0,"f:3:30:3:Infinity":0,"s:4:16:4:Infinity":1,"f:4:43:4:44":1,"s:4:53:4:Infinity":2,"s:6:25:11:Infinity":3,"f:6:25:6:26":2,"s:7:24:7:Infinity":4,"f:7:39:7:40":3,"s:7:56:7:77":5,"s:8:18:8:Infinity":6,"s:9:19:9:Infinity":7,"s:10:4:10:Infinity":8,"b:10:24:10:46:10:49:10:60":0,"s:13:23:63:Infinity":9,"s:65:2:98:27":10,"f:79:19:79:20":4,"s:79:26:80:26":11,"b:80:128:80:144:80:144:80:156":1,"f:91:21:91:22":5,"s:91:28:92:36":12,"b:92:77:92:93:92:93:92:Infinity":2,"f:97:28:97:29":6,"s:97:36:98:27":13,"f:106:35:106:36":7,"s:107:37:107:Infinity":14,"s:108:31:108:Infinity":15,"s:109:32:109:Infinity":16,"s:111:18:113:Infinity":17}}}
,"C:\\EC\\SourceCode\\my-cv-website\\src\\components\\Courses.tsx": {"path":"C:\\EC\\SourceCode\\my-cv-website\\src\\components\\Courses.tsx","statementMap":{"0":{"start":{"line":3,"column":23},"end":{"line":60,"column":null}},"1":{"start":{"line":4,"column":18},"end":{"line":35,"column":null}},"2":{"start":{"line":37,"column":2},"end":{"line":50,"column":26}},"3":{"start":{"line":49,"column":30},"end":{"line":50,"column":26}}},"fnMap":{"0":{"name":"(anonymous_0)","decl":{"start":{"line":3,"column":23},"end":{"line":3,"column":null}},"loc":{"start":{"line":3,"column":23},"end":{"line":60,"column":null}},"line":3},"1":{"name":"(anonymous_1)","decl":{"start":{"line":49,"column":21},"end":{"line":49,"column":22}},"loc":{"start":{"line":49,"column":30},"end":{"line":50,"column":26}},"line":49}},"branchMap":{},"s":{"0":4,"1":16,"2":16,"3":96},"f":{"0":16,"1":96},"b":{},"meta":{"lastBranch":0,"lastFunction":2,"lastStatement":4,"seen":{"s:3:23:60:Infinity":0,"f:3:23:3:Infinity":0,"s:4:18:35:Infinity":1,"s:37:2:50:26":2,"f:49:21:49:22":1,"s:49:30:50:26":3}}}
,"C:\\EC\\SourceCode\\my-cv-website\\src\\components\\Education.tsx": {"path":"C:\\EC\\SourceCode\\my-cv-website\\src\\components\\Education.tsx","statementMap":{"0":{"start":{"line":3,"column":25},"end":{"line":49,"column":null}},"1":{"start":{"line":4,"column":20},"end":{"line":19,"column":null}},"2":{"start":{"line":21,"column":2},"end":{"line":34,"column":null}},"3":{"start":{"line":33,"column":29},"end":{"line":34,"column":null}}},"fnMap":{"0":{"name":"(anonymous_0)","decl":{"start":{"line":3,"column":25},"end":{"line":3,"column":null}},"loc":{"start":{"line":3,"column":25},"end":{"line":49,"column":null}},"line":3},"1":{"name":"(anonymous_1)","decl":{"start":{"line":33,"column":23},"end":{"line":33,"column":24}},"loc":{"start":{"line":33,"column":29},"end":{"line":34,"column":null}},"line":33}},"branchMap":{},"s":{"0":4,"1":16,"2":16,"3":32},"f":{"0":16,"1":32},"b":{},"meta":{"lastBranch":0,"lastFunction":2,"lastStatement":4,"seen":{"s:3:25:49:Infinity":0,"f:3:25:3:Infinity":0,"s:4:20:19:Infinity":1,"s:21:2:34:Infinity":2,"f:33:23:33:24":1,"s:33:29:34:Infinity":3}}}
,"C:\\EC\\SourceCode\\my-cv-website\\src\\components\\LanguageProficiency.tsx": {"path":"C:\\EC\\SourceCode\\my-cv-website\\src\\components\\LanguageProficiency.tsx","statementMap":{"0":{"start":{"line":1,"column":35},"end":{"line":38,"column":null}},"1":{"start":{"line":2,"column":20},"end":{"line":6,"column":null}},"2":{"start":{"line":8,"column":2},"end":{"line":25,"column":31}},"3":{"start":{"line":24,"column":30},"end":{"line":25,"column":31}}},"fnMap":{"0":{"name":"(anonymous_0)","decl":{"start":{"line":1,"column":35},"end":{"line":1,"column":null}},"loc":{"start":{"line":1,"column":35},"end":{"line":38,"column":null}},"line":1},"1":{"name":"(anonymous_1)","decl":{"start":{"line":24,"column":23},"end":{"line":24,"column":24}},"loc":{"start":{"line":24,"column":30},"end":{"line":25,"column":31}},"line":24}},"branchMap":{"0":{"loc":{"start":{"line":30,"column":13},"end":{"line":31,"column":null}},"type":"binary-expr","locations":[{"start":{"line":30,"column":13},"end":{"line":30,"column":null}},{"start":{"line":30,"column":40},"end":{"line":31,"column":null}}],"line":30}},"s":{"0":4,"1":16,"2":16,"3":48},"f":{"0":16,"1":48},"b":{"0":[48,32]},"meta":{"lastBranch":1,"lastFunction":2,"lastStatement":4,"seen":{"s:1:35:38:Infinity":0,"f:1:35:1:Infinity":0,"s:2:20:6:Infinity":1,"s:8:2:25:31":2,"f:24:23:24:24":1,"s:24:30:25:31":3,"b:30:13:30:Infinity:30:40:31:Infinity":0}}}
,"C:\\EC\\SourceCode\\my-cv-website\\src\\components\\ProfessionalSummary.tsx": {"path":"C:\\EC\\SourceCode\\my-cv-website\\src\\components\\ProfessionalSummary.tsx","statementMap":{"0":{"start":{"line":4,"column":35},"end":{"line":48,"column":null}},"1":{"start":{"line":5,"column":21},"end":{"line":15,"column":null}},"2":{"start":{"line":17,"column":2},"end":{"line":44,"column":null}},"3":{"start":{"line":30,"column":24},"end":{"line":30,"column":null}},"4":{"start":{"line":31,"column":10},"end":{"line":32,"column":28}},"5":{"start":{"line":36,"column":18},"end":{"line":38,"column":null}},"6":{"start":{"line":37,"column":20},"end":{"line":37,"column":43}},"7":{"start":{"line":39,"column":18},"end":{"line":39,"column":40}}},"fnMap":{"0":{"name":"(anonymous_0)","decl":{"start":{"line":4,"column":35},"end":{"line":4,"column":null}},"loc":{"start":{"line":4,"column":35},"end":{"line":48,"column":null}},"line":4},"1":{"name":"(anonymous_1)","decl":{"start":{"line":29,"column":24},"end":{"line":29,"column":25}},"loc":{"start":{"line":29,"column":36},"end":{"line":44,"column":null}},"line":29},"2":{"name":"(anonymous_2)","decl":{"start":{"line":35,"column":27},"end":{"line":35,"column":28}},"loc":{"start":{"line":35,"column":34},"end":{"line":40,"column":null}},"line":35}},"branchMap":{"0":{"loc":{"start":{"line":36,"column":18},"end":{"line":38,"column":null}},"type":"if","locations":[{"start":{"line":36,"column":18},"end":{"line":38,"column":null}},{"start":{},"end":{}}],"line":36},"1":{"loc":{"start":{"line":36,"column":22},"end":{"line":36,"column":68}},"type":"binary-expr","locations":[{"start":{"line":36,"column":22},"end":{"line":36,"column":47}},{"start":{"line":36,"column":47},"end":{"line":36,"column":68}}],"line":36}},"s":{"0":4,"1":17,"2":17,"3":153,"4":153,"5":1173,"6":510,"7":663},"f":{"0":17,"1":153,"2":1173},"b":{"0":[510,663],"1":[1173,510]},"meta":{"lastBranch":2,"lastFunction":3,"lastStatement":8,"seen":{"s:4:35:48:Infinity":0,"f:4:35:4:Infinity":0,"s:5:21:15:Infinity":1,"s:17:2:44:Infinity":2,"f:29:24:29:25":1,"s:30:24:30:Infinity":3,"s:31:10:32:28":4,"f:35:27:35:28":2,"b:36:18:38:Infinity:undefined:undefined:undefined:undefined":0,"s:36:18:38:Infinity":5,"b:36:22:36:47:36:47:36:68":1,"s:37:20:37:43":6,"s:39:18:39:40":7}}}
,"C:\\EC\\SourceCode\\my-cv-website\\src\\components\\References.tsx": {"path":"C:\\EC\\SourceCode\\my-cv-website\\src\\components\\References.tsx","statementMap":{"0":{"start":{"line":3,"column":26},"end":{"line":58,"column":null}},"1":{"start":{"line":4,"column":21},"end":{"line":31,"column":null}},"2":{"start":{"line":33,"column":2},"end":{"line":46,"column":26}},"3":{"start":{"line":45,"column":36},"end":{"line":46,"column":26}}},"fnMap":{"0":{"name":"(anonymous_0)","decl":{"start":{"line":3,"column":26},"end":{"line":3,"column":null}},"loc":{"start":{"line":3,"column":26},"end":{"line":58,"column":null}},"line":3},"1":{"name":"(anonymous_1)","decl":{"start":{"line":45,"column":24},"end":{"line":45,"column":25}},"loc":{"start":{"line":45,"column":36},"end":{"line":46,"column":26}},"line":45}},"branchMap":{},"s":{"0":4,"1":18,"2":18,"3":72},"f":{"0":18,"1":72},"b":{},"meta":{"lastBranch":0,"lastFunction":2,"lastStatement":4,"seen":{"s:3:26:58:Infinity":0,"f:3:26:3:Infinity":0,"s:4:21:31:Infinity":1,"s:33:2:46:26":2,"f:45:24:45:25":1,"s:45:36:46:26":3}}}
,"C:\\EC\\SourceCode\\my-cv-website\\src\\components\\TechnicalSkills.tsx": {"path":"C:\\EC\\SourceCode\\my-cv-website\\src\\components\\TechnicalSkills.tsx","statementMap":{"0":{"start":{"line":3,"column":31},"end":{"line":235,"column":null}},"1":{"start":{"line":4,"column":22},"end":{"line":18,"column":null}},"2":{"start":{"line":5,"column":4},"end":{"line":9,"column":null}},"3":{"start":{"line":7,"column":31},"end":{"line":9,"column":null}},"4":{"start":{"line":20,"column":31},"end":{"line":24,"column":null}},"5":{"start":{"line":26,"column":16},"end":{"line":30,"column":null}},"6":{"start":{"line":32,"column":30},"end":{"line":34,"column":null}},"7":{"start":{"line":35,"column":26},"end":{"line":37,"column":null}},"8":{"start":{"line":39,"column":24},"end":{"line":42,"column":null}},"9":{"start":{"line":43,"column":34},"end":{"line":45,"column":null}},"10":{"start":{"line":47,"column":31},"end":{"line":51,"column":null}},"11":{"start":{"line":52,"column":41},"end":{"line":54,"column":null}},"12":{"start":{"line":56,"column":17},"end":{"line":60,"column":null}},"13":{"start":{"line":61,"column":27},"end":{"line":63,"column":null}},"14":{"start":{"line":65,"column":31},"end":{"line":69,"column":null}},"15":{"start":{"line":70,"column":41},"end":{"line":72,"column":null}},"16":{"start":{"line":74,"column":33},"end":{"line":78,"column":null}},"17":{"start":{"line":79,"column":43},"end":{"line":81,"column":null}},"18":{"start":{"line":83,"column":2},"end":{"line":229,"column":null}},"19":{"start":{"line":103,"column":45},"end":{"line":104,"column":42}},"20":{"start":{"line":122,"column":45},"end":{"line":123,"column":35}},"21":{"start":{"line":141,"column":31},"end":{"line":142,"column":35}},"22":{"start":{"line":160,"column":45},"end":{"line":161,"column":35}},"23":{"start":{"line":179,"column":47},"end":{"line":180,"column":35}},"24":{"start":{"line":198,"column":45},"end":{"line":199,"column":35}},"25":{"start":{"line":217,"column":30},"end":{"line":218,"column":35}}},"fnMap":{"0":{"name":"(anonymous_0)","decl":{"start":{"line":3,"column":31},"end":{"line":3,"column":null}},"loc":{"start":{"line":3,"column":31},"end":{"line":235,"column":null}},"line":3},"1":{"name":"(anonymous_1)","decl":{"start":{"line":4,"column":22},"end":{"line":4,"column":23}},"loc":{"start":{"line":4,"column":23},"end":{"line":18,"column":null}},"line":4},"2":{"name":"(anonymous_2)","decl":{"start":{"line":7,"column":27},"end":{"line":7,"column":28}},"loc":{"start":{"line":7,"column":31},"end":{"line":9,"column":null}},"line":7},"3":{"name":"(anonymous_3)","decl":{"start":{"line":103,"column":31},"end":{"line":103,"column":32}},"loc":{"start":{"line":103,"column":45},"end":{"line":104,"column":42}},"line":103},"4":{"name":"(anonymous_4)","decl":{"start":{"line":122,"column":38},"end":{"line":122,"column":39}},"loc":{"start":{"line":122,"column":45},"end":{"line":123,"column":35}},"line":122},"5":{"name":"(anonymous_5)","decl":{"start":{"line":141,"column":24},"end":{"line":141,"column":25}},"loc":{"start":{"line":141,"column":31},"end":{"line":142,"column":35}},"line":141},"6":{"name":"(anonymous_6)","decl":{"start":{"line":160,"column":38},"end":{"line":160,"column":39}},"loc":{"start":{"line":160,"column":45},"end":{"line":161,"column":35}},"line":160},"7":{"name":"(anonymous_7)","decl":{"start":{"line":179,"column":40},"end":{"line":179,"column":41}},"loc":{"start":{"line":179,"column":47},"end":{"line":180,"column":35}},"line":179},"8":{"name":"(anonymous_8)","decl":{"start":{"line":198,"column":38},"end":{"line":198,"column":39}},"loc":{"start":{"line":198,"column":45},"end":{"line":199,"column":35}},"line":198},"9":{"name":"(anonymous_9)","decl":{"start":{"line":217,"column":23},"end":{"line":217,"column":24}},"loc":{"start":{"line":217,"column":30},"end":{"line":218,"column":35}},"line":217}},"branchMap":{"0":{"loc":{"start":{"line":11,"column":14},"end":{"line":11,"column":null}},"type":"cond-expr","locations":[{"start":{"line":11,"column":26},"end":{"line":11,"column":56}},{"start":{"line":11,"column":56},"end":{"line":11,"column":null}}],"line":11},"1":{"loc":{"start":{"line":13,"column":18},"end":{"line":13,"column":null}},"type":"cond-expr","locations":[{"start":{"line":13,"column":30},"end":{"line":13,"column":42}},{"start":{"line":13,"column":42},"end":{"line":13,"column":null}}],"line":13},"2":{"loc":{"start":{"line":107,"column":17},"end":{"line":108,"column":null}},"type":"binary-expr","locations":[{"start":{"line":107,"column":17},"end":{"line":107,"column":null}},{"start":{"line":107,"column":48},"end":{"line":108,"column":null}}],"line":107},"3":{"loc":{"start":{"line":126,"column":17},"end":{"line":127,"column":null}},"type":"binary-expr","locations":[{"start":{"line":126,"column":17},"end":{"line":126,"column":null}},{"start":{"line":126,"column":55},"end":{"line":127,"column":null}}],"line":126},"4":{"loc":{"start":{"line":145,"column":17},"end":{"line":146,"column":null}},"type":"binary-expr","locations":[{"start":{"line":145,"column":17},"end":{"line":145,"column":null}},{"start":{"line":145,"column":41},"end":{"line":146,"column":null}}],"line":145},"5":{"loc":{"start":{"line":164,"column":17},"end":{"line":165,"column":null}},"type":"binary-expr","locations":[{"start":{"line":164,"column":17},"end":{"line":164,"column":null}},{"start":{"line":164,"column":55},"end":{"line":165,"column":null}}],"line":164},"6":{"loc":{"start":{"line":183,"column":17},"end":{"line":184,"column":null}},"type":"binary-expr","locations":[{"start":{"line":183,"column":17},"end":{"line":183,"column":null}},{"start":{"line":183,"column":57},"end":{"line":184,"column":null}}],"line":183},"7":{"loc":{"start":{"line":202,"column":17},"end":{"line":203,"column":null}},"type":"binary-expr","locations":[{"start":{"line":202,"column":17},"end":{"line":202,"column":null}},{"start":{"line":202,"column":55},"end":{"line":203,"column":null}}],"line":202},"8":{"loc":{"start":{"line":221,"column":17},"end":{"line":222,"column":null}},"type":"binary-expr","locations":[{"start":{"line":221,"column":17},"end":{"line":221,"column":null}},{"start":{"line":221,"column":40},"end":{"line":222,"column":null}}],"line":221}},"s":{"0":4,"1":17,"2":340,"3":1700,"4":17,"5":17,"6":17,"7":17,"8":17,"9":17,"10":17,"11":17,"12":17,"13":17,"14":17,"15":17,"16":17,"17":17,"18":17,"19":34,"20":51,"21":51,"22":51,"23":51,"24":51,"25":51},"f":{"0":17,"1":340,"2":1700,"3":34,"4":51,"5":51,"6":51,"7":51,"8":51,"9":51},"b":{"0":[1462,238],"1":[1462,238],"2":[34,17],"3":[51,34],"4":[51,34],"5":[51,34],"6":[51,34],"7":[51,34],"8":[51,34]},"meta":{"lastBranch":9,"lastFunction":10,"lastStatement":26,"seen":{"s:3:31:235:Infinity":0,"f:3:31:3:Infinity":0,"s:4:22:18:Infinity":1,"f:4:22:4:23":1,"s:5:4:9:Infinity":2,"f:7:27:7:28":2,"s:7:31:9:Infinity":3,"b:11:26:11:56:11:56:11:Infinity":0,"b:13:30:13:42:13:42:13:Infinity":1,"s:20:31:24:Infinity":4,"s:26:16:30:Infinity":5,"s:32:30:34:Infinity":6,"s:35:26:37:Infinity":7,"s:39:24:42:Infinity":8,"s:43:34:45:Infinity":9,"s:47:31:51:Infinity":10,"s:52:41:54:Infinity":11,"s:56:17:60:Infinity":12,"s:61:27:63:Infinity":13,"s:65:31:69:Infinity":14,"s:70:41:72:Infinity":15,"s:74:33:78:Infinity":16,"s:79:43:81:Infinity":17,"s:83:2:229:Infinity":18,"f:103:31:103:32":3,"s:103:45:104:42":19,"b:107:17:107:Infinity:107:48:108:Infinity":2,"f:122:38:122:39":4,"s:122:45:123:35":20,"b:126:17:126:Infinity:126:55:127:Infinity":3,"f:141:24:141:25":5,"s:141:31:142:35":21,"b:145:17:145:Infinity:145:41:146:Infinity":4,"f:160:38:160:39":6,"s:160:45:161:35":22,"b:164:17:164:Infinity:164:55:165:Infinity":5,"f:179:40:179:41":7,"s:179:47:180:35":23,"b:183:17:183:Infinity:183:57:184:Infinity":6,"f:198:38:198:39":8,"s:198:45:199:35":24,"b:202:17:202:Infinity:202:55:203:Infinity":7,"f:217:23:217:24":9,"s:217:30:218:35":25,"b:221:17:221:Infinity:221:40:222:Infinity":8}}}
,"C:\\EC\\SourceCode\\my-cv-website\\src\\components\\WorkExperience.tsx": {"path":"C:\\EC\\SourceCode\\my-cv-website\\src\\components\\WorkExperience.tsx","statementMap":{"0":{"start":{"line":23,"column":23},"end":{"line":133,"column":null}},"1":{"start":{"line":34,"column":27},"end":{"line":42,"column":null}},"2":{"start":{"line":35,"column":18},"end":{"line":35,"column":null}},"3":{"start":{"line":36,"column":4},"end":{"line":41,"column":null}},"4":{"start":{"line":37,"column":6},"end":{"line":39,"column":null}},"5":{"start":{"line":38,"column":8},"end":{"line":38,"column":31}},"6":{"start":{"line":40,"column":6},"end":{"line":40,"column":28}},"7":{"start":{"line":44,"column":2},"end":{"line":125,"column":null}},"8":{"start":{"line":67,"column":40},"end":{"line":68,"column":26}},"9":{"start":{"line":135,"column":30},"end":{"line":401,"column":null}},"10":{"start":{"line":136,"column":41},"end":{"line":381,"column":null}},"11":{"start":{"line":383,"column":2},"end":{"line":396,"column":39}},"12":{"start":{"line":395,"column":31},"end":{"line":396,"column":39}}},"fnMap":{"0":{"name":"(anonymous_0)","decl":{"start":{"line":23,"column":23},"end":{"line":23,"column":24}},"loc":{"start":{"line":33,"column":18},"end":{"line":133,"column":null}},"line":33},"1":{"name":"(anonymous_1)","decl":{"start":{"line":34,"column":27},"end":{"line":34,"column":28}},"loc":{"start":{"line":34,"column":28},"end":{"line":42,"column":null}},"line":34},"2":{"name":"(anonymous_2)","decl":{"start":{"line":36,"column":21},"end":{"line":36,"column":22}},"loc":{"start":{"line":36,"column":28},"end":{"line":41,"column":null}},"line":36},"3":{"name":"(anonymous_3)","decl":{"start":{"line":67,"column":26},"end":{"line":67,"column":27}},"loc":{"start":{"line":67,"column":40},"end":{"line":68,"column":26}},"line":67},"4":{"name":"(anonymous_4)","decl":{"start":{"line":135,"column":30},"end":{"line":135,"column":null}},"loc":{"start":{"line":135,"column":30},"end":{"line":401,"column":null}},"line":135},"5":{"name":"(anonymous_5)","decl":{"start":{"line":395,"column":25},"end":{"line":395,"column":26}},"loc":{"start":{"line":395,"column":31},"end":{"line":396,"column":39}},"line":395}},"branchMap":{"0":{"loc":{"start":{"line":37,"column":6},"end":{"line":39,"column":null}},"type":"if","locations":[{"start":{"line":37,"column":6},"end":{"line":39,"column":null}},{"start":{},"end":{}}],"line":37},"1":{"loc":{"start":{"line":37,"column":10},"end":{"line":37,"column":56}},"type":"binary-expr","locations":[{"start":{"line":37,"column":10},"end":{"line":37,"column":35}},{"start":{"line":37,"column":35},"end":{"line":37,"column":56}}],"line":37},"2":{"loc":{"start":{"line":53,"column":11},"end":{"line":54,"column":null}},"type":"binary-expr","locations":[{"start":{"line":53,"column":11},"end":{"line":53,"column":null}},{"start":{"line":53,"column":11},"end":{"line":54,"column":null}}],"line":53},"3":{"loc":{"start":{"line":77,"column":7},"end":{"line":125,"column":null}},"type":"binary-expr","locations":[{"start":{"line":77,"column":7},"end":{"line":77,"column":null}},{"start":{"line":77,"column":7},"end":{"line":125,"column":null}}],"line":77},"4":{"loc":{"start":{"line":80,"column":13},"end":{"line":84,"column":null}},"type":"binary-expr","locations":[{"start":{"line":80,"column":13},"end":{"line":80,"column":27}},{"start":{"line":80,"column":27},"end":{"line":84,"column":null}}],"line":80},"5":{"loc":{"start":{"line":84,"column":18},"end":{"line":84,"column":null}},"type":"binary-expr","locations":[{"start":{"line":84,"column":18},"end":{"line":84,"column":35}},{"start":{"line":84,"column":39},"end":{"line":84,"column":54}},{"start":{"line":84,"column":58},"end":{"line":84,"column":76}},{"start":{"line":84,"column":80},"end":{"line":84,"column":96}},{"start":{"line":84,"column":100},"end":{"line":84,"column":121}},{"start":{"line":84,"column":125},"end":{"line":84,"column":138}},{"start":{"line":84,"column":138},"end":{"line":84,"column":null}}],"line":84},"6":{"loc":{"start":{"line":87,"column":13},"end":{"line":91,"column":null}},"type":"binary-expr","locations":[{"start":{"line":87,"column":13},"end":{"line":87,"column":30}},{"start":{"line":87,"column":30},"end":{"line":91,"column":null}}],"line":87},"7":{"loc":{"start":{"line":91,"column":18},"end":{"line":91,"column":null}},"type":"binary-expr","locations":[{"start":{"line":91,"column":18},"end":{"line":91,"column":33}},{"start":{"line":91,"column":37},"end":{"line":91,"column":55}},{"start":{"line":91,"column":59},"end":{"line":91,"column":75}},{"start":{"line":91,"column":79},"end":{"line":91,"column":100}},{"start":{"line":91,"column":104},"end":{"line":91,"column":117}},{"start":{"line":91,"column":117},"end":{"line":91,"column":null}}],"line":91},"8":{"loc":{"start":{"line":94,"column":13},"end":{"line":98,"column":null}},"type":"binary-expr","locations":[{"start":{"line":94,"column":13},"end":{"line":94,"column":28}},{"start":{"line":94,"column":28},"end":{"line":98,"column":null}}],"line":94},"9":{"loc":{"start":{"line":98,"column":18},"end":{"line":98,"column":null}},"type":"binary-expr","locations":[{"start":{"line":98,"column":18},"end":{"line":98,"column":36}},{"start":{"line":98,"column":40},"end":{"line":98,"column":56}},{"start":{"line":98,"column":60},"end":{"line":98,"column":81}},{"start":{"line":98,"column":85},"end":{"line":98,"column":98}},{"start":{"line":98,"column":98},"end":{"line":98,"column":null}}],"line":98},"10":{"loc":{"start":{"line":101,"column":13},"end":{"line":105,"column":null}},"type":"binary-expr","locations":[{"start":{"line":101,"column":13},"end":{"line":101,"column":31}},{"start":{"line":101,"column":31},"end":{"line":105,"column":null}}],"line":101},"11":{"loc":{"start":{"line":105,"column":18},"end":{"line":105,"column":null}},"type":"binary-expr","locations":[{"start":{"line":105,"column":18},"end":{"line":105,"column":34}},{"start":{"line":105,"column":38},"end":{"line":105,"column":59}},{"start":{"line":105,"column":63},"end":{"line":105,"column":76}},{"start":{"line":105,"column":76},"end":{"line":105,"column":null}}],"line":105},"12":{"loc":{"start":{"line":108,"column":13},"end":{"line":112,"column":null}},"type":"binary-expr","locations":[{"start":{"line":108,"column":13},"end":{"line":108,"column":29}},{"start":{"line":108,"column":29},"end":{"line":112,"column":null}}],"line":108},"13":{"loc":{"start":{"line":112,"column":18},"end":{"line":112,"column":null}},"type":"binary-expr","locations":[{"start":{"line":112,"column":18},"end":{"line":112,"column":39}},{"start":{"line":112,"column":43},"end":{"line":112,"column":56}},{"start":{"line":112,"column":56},"end":{"line":112,"column":null}}],"line":112},"14":{"loc":{"start":{"line":115,"column":13},"end":{"line":119,"column":null}},"type":"binary-expr","locations":[{"start":{"line":115,"column":13},"end":{"line":115,"column":34}},{"start":{"line":115,"column":34},"end":{"line":119,"column":null}}],"line":115},"15":{"loc":{"start":{"line":119,"column":18},"end":{"line":119,"column":null}},"type":"binary-expr","locations":[{"start":{"line":119,"column":18},"end":{"line":119,"column":32}},{"start":{"line":119,"column":32},"end":{"line":119,"column":null}}],"line":119},"16":{"loc":{"start":{"line":122,"column":13},"end":{"line":125,"column":null}},"type":"binary-expr","locations":[{"start":{"line":122,"column":13},"end":{"line":122,"column":27}},{"start":{"line":122,"column":27},"end":{"line":125,"column":null}}],"line":122}},"s":{"0":4,"1":209,"2":1216,"3":1216,"4":5700,"5":2242,"6":3458,"7":209,"8":1216,"9":4,"10":19,"11":19,"12":209},"f":{"0":209,"1":1216,"2":5700,"3":1216,"4":19,"5":209},"b":{"0":[2242,3458],"1":[5700,2242],"2":[209,209],"3":[209,209],"4":[209,76],"5":[76,0,0,0,0,0,76],"6":[209,171],"7":[171,19,19,19,19,171],"8":[209,152],"9":[152,76,76,76,152],"10":[209,76],"11":[76,38,0,76],"12":[209,38],"13":[38,0,38],"14":[209,76],"15":[76,76],"16":[209,209]},"meta":{"lastBranch":17,"lastFunction":6,"lastStatement":13,"seen":{"s:23:23:133:Infinity":0,"f:23:23:23:24":0,"s:34:27:42:Infinity":1,"f:34:27:34:28":1,"s:35:18:35:Infinity":2,"s:36:4:41:Infinity":3,"f:36:21:36:22":2,"b:37:6:39:Infinity:undefined:undefined:undefined:undefined":0,"s:37:6:39:Infinity":4,"b:37:10:37:35:37:35:37:56":1,"s:38:8:38:31":5,"s:40:6:40:28":6,"s:44:2:125:Infinity":7,"b:53:11:53:Infinity:53:11:54:Infinity":2,"f:67:26:67:27":3,"s:67:40:68:26":8,"b:77:7:77:Infinity:77:7:125:Infinity":3,"b:80:13:80:27:80:27:84:Infinity":4,"b:84:18:84:35:84:39:84:54:84:58:84:76:84:80:84:96:84:100:84:121:84:125:84:138:84:138:84:Infinity":5,"b:87:13:87:30:87:30:91:Infinity":6,"b:91:18:91:33:91:37:91:55:91:59:91:75:91:79:91:100:91:104:91:117:91:117:91:Infinity":7,"b:94:13:94:28:94:28:98:Infinity":8,"b:98:18:98:36:98:40:98:56:98:60:98:81:98:85:98:98:98:98:98:Infinity":9,"b:101:13:101:31:101:31:105:Infinity":10,"b:105:18:105:34:105:38:105:59:105:63:105:76:105:76:105:Infinity":11,"b:108:13:108:29:108:29:112:Infinity":12,"b:112:18:112:39:112:43:112:56:112:56:112:Infinity":13,"b:115:13:115:34:115:34:119:Infinity":14,"b:119:18:119:32:119:32:119:Infinity":15,"b:122:13:122:27:122:27:125:Infinity":16,"s:135:30:401:Infinity":9,"f:135:30:135:Infinity":4,"s:136:41:381:Infinity":10,"s:383:2:396:39":11,"f:395:25:395:26":5,"s:395:31:396:39":12}}}
,"C:\\EC\\SourceCode\\my-cv-website\\src\\lib\\utils.ts": {"path":"C:\\EC\\SourceCode\\my-cv-website\\src\\lib\\utils.ts","statementMap":{"0":{"start":{"line":5,"column":2},"end":{"line":5,"column":null}}},"fnMap":{"0":{"name":"cn","decl":{"start":{"line":4,"column":16},"end":{"line":4,"column":19}},"loc":{"start":{"line":4,"column":42},"end":{"line":6,"column":null}},"line":4}},"branchMap":{},"s":{"0":7},"f":{"0":7},"b":{},"meta":{"lastBranch":0,"lastFunction":1,"lastStatement":1,"seen":{"f:4:16:4:19":0,"s:5:2:5:Infinity":0}}}
,"C:\\EC\\SourceCode\\my-cv-website\\src\\pages\\Index.tsx": {"path":"C:\\EC\\SourceCode\\my-cv-website\\src\\pages\\Index.tsx","statementMap":{"0":{"start":{"line":11,"column":14},"end":{"line":34,"column":null}},"1":{"start":{"line":12,"column":2},"end":{"line":28,"column":null}}},"fnMap":{"0":{"name":"(anonymous_0)","decl":{"start":{"line":11,"column":14},"end":{"line":11,"column":null}},"loc":{"start":{"line":11,"column":14},"end":{"line":34,"column":null}},"line":11}},"branchMap":{},"s":{"0":3,"1":12},"f":{"0":12},"b":{},"meta":{"lastBranch":0,"lastFunction":1,"lastStatement":2,"seen":{"s:11:14:34:Infinity":0,"f:11:14:11:Infinity":0,"s:12:2:28:Infinity":1}}}
,"C:\\EC\\SourceCode\\my-cv-website\\src\\pages\\NotFound.tsx": {"path":"C:\\EC\\SourceCode\\my-cv-website\\src\\pages\\NotFound.tsx","statementMap":{"0":{"start":{"line":4,"column":17},"end":{"line":22,"column":null}},"1":{"start":{"line":5,"column":8},"end":{"line":5,"column":null}},"2":{"start":{"line":7,"column":2},"end":{"line":9,"column":null}},"3":{"start":{"line":8,"column":4},"end":{"line":8,"column":null}},"4":{"start":{"line":11,"column":2},"end":{"line":16,"column":null}}},"fnMap":{"0":{"name":"(anonymous_0)","decl":{"start":{"line":4,"column":17},"end":{"line":4,"column":null}},"loc":{"start":{"line":4,"column":17},"end":{"line":22,"column":null}},"line":4},"1":{"name":"(anonymous_1)","decl":{"start":{"line":7,"column":12},"end":{"line":7,"column":null}},"loc":{"start":{"line":7,"column":12},"end":{"line":9,"column":5}},"line":7}},"branchMap":{},"s":{"0":2,"1":6,"2":6,"3":6,"4":6},"f":{"0":6,"1":6},"b":{},"meta":{"lastBranch":0,"lastFunction":2,"lastStatement":5,"seen":{"s:4:17:22:Infinity":0,"f:4:17:4:Infinity":0,"s:5:8:5:Infinity":1,"s:7:2:9:Infinity":2,"f:7:12:7:Infinity":1,"s:8:4:8:Infinity":3,"s:11:2:16:Infinity":4}}}
}
